
**** Build of configuration Release for project email ****

"C:\\TI\\ccsv6\\utils\\bin\\gmake" -k all 
'Building file: C:/TI/CC3200SDK_1.1.0/cc3200-sdk/example/common/button_if.c'
'Invoking: ARM Compiler'
"C:/TI/ccsv6/tools/compiler/ti-cgt-arm_5.2.5/bin/armcl" -mv7M4 --code_state=16 --float_support=vfplib --abi=eabi -me --include_path="C:/TI/ccsv6/tools/compiler/ti-cgt-arm_5.2.5/include" --include_path="C:/TI/CC3200SDK_1.1.0/cc3200-sdk/example/common" --include_path="C:/TI/CC3200SDK_1.1.0/cc3200-sdk/netapps/smtp/client" --include_path="C:/TI/CC3200SDK_1.1.0/cc3200-sdk/oslib" --include_path="C:/TI/CC3200SDK_1.1.0/cc3200-sdk/simplelink/" --include_path="C:/TI/CC3200SDK_1.1.0/cc3200-sdk/simplelink/include" --include_path="C:/TI/CC3200SDK_1.1.0/cc3200-sdk/simplelink/source" --include_path="C:/TI/CC3200SDK_1.1.0/cc3200-sdk/inc" --include_path="C:/TI/CC3200SDK_1.1.0/cc3200-sdk/driverlib" -g --gcc --define=SL_PLATFORM_MULTI_THREADED --define=USE_TIRTOS --define=__CCS__ --define=ccs --define=cc3200 --display_error_number --diag_warning=225 --diag_wrap=off --preproc_with_compile --preproc_dependency="button_if.pp" --cmd_file="C:/TI/CC3200SDK_1.1.0/cc3200-sdk/ti_rtos/ti_rtos_config/ccs/Default/configPkg/compiler.opt" "C:/TI/CC3200SDK_1.1.0/cc3200-sdk/example/common/button_if.c"
'Finished building: C:/TI/CC3200SDK_1.1.0/cc3200-sdk/example/common/button_if.c'
' '
'Building file: C:/TI/CC3200SDK_1.1.0/cc3200-sdk/example/common/gpio_if.c'
'Invoking: ARM Compiler'
"C:/TI/ccsv6/tools/compiler/ti-cgt-arm_5.2.5/bin/armcl" -mv7M4 --code_state=16 --float_support=vfplib --abi=eabi -me --include_path="C:/TI/ccsv6/tools/compiler/ti-cgt-arm_5.2.5/include" --include_path="C:/TI/CC3200SDK_1.1.0/cc3200-sdk/example/common" --include_path="C:/TI/CC3200SDK_1.1.0/cc3200-sdk/netapps/smtp/client" --include_path="C:/TI/CC3200SDK_1.1.0/cc3200-sdk/oslib" --include_path="C:/TI/CC3200SDK_1.1.0/cc3200-sdk/simplelink/" --include_path="C:/TI/CC3200SDK_1.1.0/cc3200-sdk/simplelink/include" --include_path="C:/TI/CC3200SDK_1.1.0/cc3200-sdk/simplelink/source" --include_path="C:/TI/CC3200SDK_1.1.0/cc3200-sdk/inc" --include_path="C:/TI/CC3200SDK_1.1.0/cc3200-sdk/driverlib" -g --gcc --define=SL_PLATFORM_MULTI_THREADED --define=USE_TIRTOS --define=__CCS__ --define=ccs --define=cc3200 --display_error_number --diag_warning=225 --diag_wrap=off --preproc_with_compile --preproc_dependency="gpio_if.pp" --cmd_file="C:/TI/CC3200SDK_1.1.0/cc3200-sdk/ti_rtos/ti_rtos_config/ccs/Default/configPkg/compiler.opt" "C:/TI/CC3200SDK_1.1.0/cc3200-sdk/example/common/gpio_if.c"
'Finished building: C:/TI/CC3200SDK_1.1.0/cc3200-sdk/example/common/gpio_if.c'
' '
'Building file: ../main.c'
'Invoking: ARM Compiler'
"C:/TI/ccsv6/tools/compiler/ti-cgt-arm_5.2.5/bin/armcl" -mv7M4 --code_state=16 --float_support=vfplib --abi=eabi -me --include_path="C:/TI/ccsv6/tools/compiler/ti-cgt-arm_5.2.5/include" --include_path="C:/TI/CC3200SDK_1.1.0/cc3200-sdk/example/common" --include_path="C:/TI/CC3200SDK_1.1.0/cc3200-sdk/netapps/smtp/client" --include_path="C:/TI/CC3200SDK_1.1.0/cc3200-sdk/oslib" --include_path="C:/TI/CC3200SDK_1.1.0/cc3200-sdk/simplelink/" --include_path="C:/TI/CC3200SDK_1.1.0/cc3200-sdk/simplelink/include" --include_path="C:/TI/CC3200SDK_1.1.0/cc3200-sdk/simplelink/source" --include_path="C:/TI/CC3200SDK_1.1.0/cc3200-sdk/inc" --include_path="C:/TI/CC3200SDK_1.1.0/cc3200-sdk/driverlib" -g --gcc --define=SL_PLATFORM_MULTI_THREADED --define=USE_TIRTOS --define=__CCS__ --define=ccs --define=cc3200 --display_error_number --diag_warning=225 --diag_wrap=off --preproc_with_compile --preproc_dependency="main.pp" --cmd_file="C:/TI/CC3200SDK_1.1.0/cc3200-sdk/ti_rtos/ti_rtos_config/ccs/Default/configPkg/compiler.opt" "../main.c"
'Finished building: ../main.c'
' '
'Building file: C:/TI/CC3200SDK_1.1.0/cc3200-sdk/example/common/network_if.c'
'Invoking: ARM Compiler'
"C:/TI/ccsv6/tools/compiler/ti-cgt-arm_5.2.5/bin/armcl" -mv7M4 --code_state=16 --float_support=vfplib --abi=eabi -me --include_path="C:/TI/ccsv6/tools/compiler/ti-cgt-arm_5.2.5/include" --include_path="C:/TI/CC3200SDK_1.1.0/cc3200-sdk/example/common" --include_path="C:/TI/CC3200SDK_1.1.0/cc3200-sdk/netapps/smtp/client" --include_path="C:/TI/CC3200SDK_1.1.0/cc3200-sdk/oslib" --include_path="C:/TI/CC3200SDK_1.1.0/cc3200-sdk/simplelink/" --include_path="C:/TI/CC3200SDK_1.1.0/cc3200-sdk/simplelink/include" --include_path="C:/TI/CC3200SDK_1.1.0/cc3200-sdk/simplelink/source" --include_path="C:/TI/CC3200SDK_1.1.0/cc3200-sdk/inc" --include_path="C:/TI/CC3200SDK_1.1.0/cc3200-sdk/driverlib" -g --gcc --define=SL_PLATFORM_MULTI_THREADED --define=USE_TIRTOS --define=__CCS__ --define=ccs --define=cc3200 --display_error_number --diag_warning=225 --diag_wrap=off --preproc_with_compile --preproc_dependency="network_if.pp" --cmd_file="C:/TI/CC3200SDK_1.1.0/cc3200-sdk/ti_rtos/ti_rtos_config/ccs/Default/configPkg/compiler.opt" "C:/TI/CC3200SDK_1.1.0/cc3200-sdk/example/common/network_if.c"
'Finished building: C:/TI/CC3200SDK_1.1.0/cc3200-sdk/example/common/network_if.c'
' '
'Building file: ../pinmux.c'
'Invoking: ARM Compiler'
"C:/TI/ccsv6/tools/compiler/ti-cgt-arm_5.2.5/bin/armcl" -mv7M4 --code_state=16 --float_support=vfplib --abi=eabi -me --include_path="C:/TI/ccsv6/tools/compiler/ti-cgt-arm_5.2.5/include" --include_path="C:/TI/CC3200SDK_1.1.0/cc3200-sdk/example/common" --include_path="C:/TI/CC3200SDK_1.1.0/cc3200-sdk/netapps/smtp/client" --include_path="C:/TI/CC3200SDK_1.1.0/cc3200-sdk/oslib" --include_path="C:/TI/CC3200SDK_1.1.0/cc3200-sdk/simplelink/" --include_path="C:/TI/CC3200SDK_1.1.0/cc3200-sdk/simplelink/include" --include_path="C:/TI/CC3200SDK_1.1.0/cc3200-sdk/simplelink/source" --include_path="C:/TI/CC3200SDK_1.1.0/cc3200-sdk/inc" --include_path="C:/TI/CC3200SDK_1.1.0/cc3200-sdk/driverlib" -g --gcc --define=SL_PLATFORM_MULTI_THREADED --define=USE_TIRTOS --define=__CCS__ --define=ccs --define=cc3200 --display_error_number --diag_warning=225 --diag_wrap=off --preproc_with_compile --preproc_dependency="pinmux.pp" --cmd_file="C:/TI/CC3200SDK_1.1.0/cc3200-sdk/ti_rtos/ti_rtos_config/ccs/Default/configPkg/compiler.opt" "../pinmux.c"
'Finished building: ../pinmux.c'
' '
'Building file: ../smartconfig.c'
'Invoking: ARM Compiler'
"C:/TI/ccsv6/tools/compiler/ti-cgt-arm_5.2.5/bin/armcl" -mv7M4 --code_state=16 --float_support=vfplib --abi=eabi -me --include_path="C:/TI/ccsv6/tools/compiler/ti-cgt-arm_5.2.5/include" --include_path="C:/TI/CC3200SDK_1.1.0/cc3200-sdk/example/common" --include_path="C:/TI/CC3200SDK_1.1.0/cc3200-sdk/netapps/smtp/client" --include_path="C:/TI/CC3200SDK_1.1.0/cc3200-sdk/oslib" --include_path="C:/TI/CC3200SDK_1.1.0/cc3200-sdk/simplelink/" --include_path="C:/TI/CC3200SDK_1.1.0/cc3200-sdk/simplelink/include" --include_path="C:/TI/CC3200SDK_1.1.0/cc3200-sdk/simplelink/source" --include_path="C:/TI/CC3200SDK_1.1.0/cc3200-sdk/inc" --include_path="C:/TI/CC3200SDK_1.1.0/cc3200-sdk/driverlib" -g --gcc --define=SL_PLATFORM_MULTI_THREADED --define=USE_TIRTOS --define=__CCS__ --define=ccs --define=cc3200 --display_error_number --diag_warning=225 --diag_wrap=off --preproc_with_compile --preproc_dependency="smartconfig.pp" --cmd_file="C:/TI/CC3200SDK_1.1.0/cc3200-sdk/ti_rtos/ti_rtos_config/ccs/Default/configPkg/compiler.opt" "../smartconfig.c"
'Finished building: ../smartconfig.c'
' '
'Building file: C:/TI/CC3200SDK_1.1.0/cc3200-sdk/example/common/timer_if.c'
'Invoking: ARM Compiler'
"C:/TI/ccsv6/tools/compiler/ti-cgt-arm_5.2.5/bin/armcl" -mv7M4 --code_state=16 --float_support=vfplib --abi=eabi -me --include_path="C:/TI/ccsv6/tools/compiler/ti-cgt-arm_5.2.5/include" --include_path="C:/TI/CC3200SDK_1.1.0/cc3200-sdk/example/common" --include_path="C:/TI/CC3200SDK_1.1.0/cc3200-sdk/netapps/smtp/client" --include_path="C:/TI/CC3200SDK_1.1.0/cc3200-sdk/oslib" --include_path="C:/TI/CC3200SDK_1.1.0/cc3200-sdk/simplelink/" --include_path="C:/TI/CC3200SDK_1.1.0/cc3200-sdk/simplelink/include" --include_path="C:/TI/CC3200SDK_1.1.0/cc3200-sdk/simplelink/source" --include_path="C:/TI/CC3200SDK_1.1.0/cc3200-sdk/inc" --include_path="C:/TI/CC3200SDK_1.1.0/cc3200-sdk/driverlib" -g --gcc --define=SL_PLATFORM_MULTI_THREADED --define=USE_TIRTOS --define=__CCS__ --define=ccs --define=cc3200 --display_error_number --diag_warning=225 --diag_wrap=off --preproc_with_compile --preproc_dependency="timer_if.pp" --cmd_file="C:/TI/CC3200SDK_1.1.0/cc3200-sdk/ti_rtos/ti_rtos_config/ccs/Default/configPkg/compiler.opt" "C:/TI/CC3200SDK_1.1.0/cc3200-sdk/example/common/timer_if.c"
'Finished building: C:/TI/CC3200SDK_1.1.0/cc3200-sdk/example/common/timer_if.c'
' '
'Building file: C:/TI/CC3200SDK_1.1.0/cc3200-sdk/example/common/uart_if.c'
'Invoking: ARM Compiler'
"C:/TI/ccsv6/tools/compiler/ti-cgt-arm_5.2.5/bin/armcl" -mv7M4 --code_state=16 --float_support=vfplib --abi=eabi -me --include_path="C:/TI/ccsv6/tools/compiler/ti-cgt-arm_5.2.5/include" --include_path="C:/TI/CC3200SDK_1.1.0/cc3200-sdk/example/common" --include_path="C:/TI/CC3200SDK_1.1.0/cc3200-sdk/netapps/smtp/client" --include_path="C:/TI/CC3200SDK_1.1.0/cc3200-sdk/oslib" --include_path="C:/TI/CC3200SDK_1.1.0/cc3200-sdk/simplelink/" --include_path="C:/TI/CC3200SDK_1.1.0/cc3200-sdk/simplelink/include" --include_path="C:/TI/CC3200SDK_1.1.0/cc3200-sdk/simplelink/source" --include_path="C:/TI/CC3200SDK_1.1.0/cc3200-sdk/inc" --include_path="C:/TI/CC3200SDK_1.1.0/cc3200-sdk/driverlib" -g --gcc --define=SL_PLATFORM_MULTI_THREADED --define=USE_TIRTOS --define=__CCS__ --define=ccs --define=cc3200 --display_error_number --diag_warning=225 --diag_wrap=off --preproc_with_compile --preproc_dependency="uart_if.pp" --cmd_file="C:/TI/CC3200SDK_1.1.0/cc3200-sdk/ti_rtos/ti_rtos_config/ccs/Default/configPkg/compiler.opt" "C:/TI/CC3200SDK_1.1.0/cc3200-sdk/example/common/uart_if.c"
'Finished building: C:/TI/CC3200SDK_1.1.0/cc3200-sdk/example/common/uart_if.c'
' '
'Building target: email.out'
'Invoking: ARM Linker'
"C:/TI/ccsv6/tools/compiler/ti-cgt-arm_5.2.5/bin/armcl" -mv7M4 --code_state=16 --float_support=vfplib --abi=eabi -me -g --gcc --define=SL_PLATFORM_MULTI_THREADED --define=USE_TIRTOS --define=__CCS__ --define=ccs --define=cc3200 --display_error_number --diag_warning=225 --diag_wrap=off -z -m"email.map" --heap_size=0x8000 --stack_size=0x800 -i"C:/TI/ccsv6/tools/compiler/ti-cgt-arm_5.2.5/lib" -i"C:/TI/ccsv6/tools/compiler/ti-cgt-arm_5.2.5/include" --reread_libs --warn_sections --display_error_number --diag_wrap=off --xml_link_info="email_linkInfo.xml" --rom_model -o "email.out" "./button_if.obj" "./gpio_if.obj" "./main.obj" "./network_if.obj" "./pinmux.obj" "./smartconfig.obj" "./timer_if.obj" "./uart_if.obj" "../cc3200v1p32.cmd" -l"C:/TI/CC3200SDK_1.1.0/cc3200-sdk/ti_rtos/ti_rtos_config/ccs/Default/configPkg/linker.cmd" -l"libc.a" -l"C:/TI/CC3200SDK_1.1.0/cc3200-sdk/example/email/ccs/../../../oslib/ccs/ti_rtos/ti_rtos.a" -l"C:/TI/CC3200SDK_1.1.0/cc3200-sdk/example/email/ccs/../../../driverlib/ccs/Release/driverlib.a" -l"C:/TI/CC3200SDK_1.1.0/cc3200-sdk/example/email/ccs/../../../simplelink/ccs/OS/simplelink.a" -l"C:/TI/CC3200SDK_1.1.0/cc3200-sdk/example/email/ccs/../../../netapps/smtp/client/ccs/Release/libEmail.a" 
<Linking>
'Finished building target: email.out'
' '
'Converting to bin file'
"C:/TI/ccsv6/utils/tiobj2bin/tiobj2bin" "email.out" "email.bin" "C:/TI/ccsv6/tools/compiler/ti-cgt-arm_5.2.5/bin/armofd" "C:/TI/ccsv6/tools/compiler/ti-cgt-arm_5.2.5/bin/armhex" "C:/TI/ccsv6/utils/tiobj2bin/mkhex4bin"
' '

**** Build Finished ****
