
**** Build of configuration Release for project http_client_demo ****

"C:\\TI\\ccsv6\\utils\\bin\\gmake" -k all 
'Building file: ../pinmux.c'
'Invoking: ARM Compiler'
"C:/TI/ccsv6/tools/compiler/ti-cgt-arm_5.2.5/bin/armcl" -mv7M4 --code_state=16 --abi=eabi -me --include_path="C:/TI/ccsv6/tools/compiler/ti-cgt-arm_5.2.5/include" --include_path="C:/TI/CC3200SDK_1.1.0/cc3200-sdk/netapps/" --include_path="C:/TI/CC3200SDK_1.1.0/cc3200-sdk/netapps/json/" --include_path="C:/TI/CC3200SDK_1.1.0/cc3200-sdk/driverlib/" --include_path="C:/TI/CC3200SDK_1.1.0/cc3200-sdk/inc/" --include_path="C:/TI/CC3200SDK_1.1.0/cc3200-sdk/example/common" --include_path="C:/TI/CC3200SDK_1.1.0/cc3200-sdk/simplelink/" --include_path="C:/TI/CC3200SDK_1.1.0/cc3200-sdk/simplelink/source" --include_path="C:/TI/CC3200SDK_1.1.0/cc3200-sdk/simplelink/include" -g --define=cc3200 --define=__SL__ --define=ccs --display_error_number --diag_warning=225 --diag_wrap=off --preproc_with_compile --preproc_dependency="pinmux.pp"  "../pinmux.c"
'Finished building: ../pinmux.c'
' '
'Building target: http_client_demo.out'
'Invoking: ARM Linker'
"C:/TI/ccsv6/tools/compiler/ti-cgt-arm_5.2.5/bin/armcl" -mv7M4 --code_state=16 --abi=eabi -me -g --define=cc3200 --define=__SL__ --define=ccs --display_error_number --diag_warning=225 --diag_wrap=off -z -m"http_client_demo.map" --heap_size=0x800 --stack_size=0x800 -i"C:/TI/ccsv6/tools/compiler/ti-cgt-arm_5.2.5/lib" -i"C:/TI/ccsv6/tools/compiler/ti-cgt-arm_5.2.5/include" -i"C:/TI/CC3200SDK_1.1.0/cc3200-sdk/netapps/http/client/ccs/HTTPClientMinLib" -i"C:/TI/CC3200SDK_1.1.0/cc3200-sdk/netapps/json/ccs/Release/" --reread_libs --warn_sections --display_error_number --diag_wrap=off --xml_link_info="http_client_demo_linkInfo.xml" --rom_model -o "http_client_demo.out" "./main.obj" "./pinmux.obj" "./startup_ccs.obj" "./uart_if.obj" "../cc3200v1p32.cmd"  -l"libc.a" -l"C:/TI/CC3200SDK_1.1.0/cc3200-sdk/example/http_client_demo/ccs/../../../driverlib/ccs/Release/driverlib.a" -l"C:/TI/CC3200SDK_1.1.0/cc3200-sdk/example/http_client_demo/ccs/../../../simplelink/ccs/NON_OS/simplelink.a" -lwebclient.a -ljson.a 
<Linking>
'Finished building target: http_client_demo.out'
' '
"C:/TI/ccsv6/utils/tiobj2bin/tiobj2bin" "http_client_demo.out" "http_client_demo.bin" "C:/TI/ccsv6/tools/compiler/ti-cgt-arm_5.2.5/bin/armofd" "C:/TI/ccsv6/tools/compiler/ti-cgt-arm_5.2.5/bin/armhex" "C:/TI/ccsv6/utils/tiobj2bin/mkhex4bin"
' '

**** Build Finished ****

**** Build of configuration Release for project http_client_demo ****

"C:\\TI\\ccsv6\\utils\\bin\\gmake" -k all 
'Building file: ../main.c'
'Invoking: ARM Compiler'
"C:/TI/ccsv6/tools/compiler/ti-cgt-arm_5.2.5/bin/armcl" -mv7M4 --code_state=16 --abi=eabi -me --include_path="C:/TI/ccsv6/tools/compiler/ti-cgt-arm_5.2.5/include" --include_path="C:/TI/CC3200SDK_1.1.0/cc3200-sdk/netapps/" --include_path="C:/TI/CC3200SDK_1.1.0/cc3200-sdk/netapps/json/" --include_path="C:/TI/CC3200SDK_1.1.0/cc3200-sdk/driverlib/" --include_path="C:/TI/CC3200SDK_1.1.0/cc3200-sdk/inc/" --include_path="C:/TI/CC3200SDK_1.1.0/cc3200-sdk/example/common" --include_path="C:/TI/CC3200SDK_1.1.0/cc3200-sdk/simplelink/" --include_path="C:/TI/CC3200SDK_1.1.0/cc3200-sdk/simplelink/source" --include_path="C:/TI/CC3200SDK_1.1.0/cc3200-sdk/simplelink/include" -g --define=cc3200 --define=__SL__ --define=ccs --display_error_number --diag_warning=225 --diag_wrap=off --preproc_with_compile --preproc_dependency="main.pp"  "../main.c"
"../main.c", line 978: warning #179-D: function "HTTPGetMethod" was declared but never referenced
'Finished building: ../main.c'
' '
'Building target: http_client_demo.out'
'Invoking: ARM Linker'
"C:/TI/ccsv6/tools/compiler/ti-cgt-arm_5.2.5/bin/armcl" -mv7M4 --code_state=16 --abi=eabi -me -g --define=cc3200 --define=__SL__ --define=ccs --display_error_number --diag_warning=225 --diag_wrap=off -z -m"http_client_demo.map" --heap_size=0x800 --stack_size=0x800 -i"C:/TI/ccsv6/tools/compiler/ti-cgt-arm_5.2.5/lib" -i"C:/TI/ccsv6/tools/compiler/ti-cgt-arm_5.2.5/include" -i"C:/TI/CC3200SDK_1.1.0/cc3200-sdk/netapps/http/client/ccs/HTTPClientMinLib" -i"C:/TI/CC3200SDK_1.1.0/cc3200-sdk/netapps/json/ccs/Release/" --reread_libs --warn_sections --display_error_number --diag_wrap=off --xml_link_info="http_client_demo_linkInfo.xml" --rom_model -o "http_client_demo.out" "./main.obj" "./pinmux.obj" "./startup_ccs.obj" "./uart_if.obj" "../cc3200v1p32.cmd"  -l"libc.a" -l"C:/TI/CC3200SDK_1.1.0/cc3200-sdk/example/http_client_demo/ccs/../../../driverlib/ccs/Release/driverlib.a" -l"C:/TI/CC3200SDK_1.1.0/cc3200-sdk/example/http_client_demo/ccs/../../../simplelink/ccs/NON_OS/simplelink.a" -lwebclient.a -ljson.a 
<Linking>
'Finished building target: http_client_demo.out'
' '
"C:/TI/ccsv6/utils/tiobj2bin/tiobj2bin" "http_client_demo.out" "http_client_demo.bin" "C:/TI/ccsv6/tools/compiler/ti-cgt-arm_5.2.5/bin/armofd" "C:/TI/ccsv6/tools/compiler/ti-cgt-arm_5.2.5/bin/armhex" "C:/TI/ccsv6/utils/tiobj2bin/mkhex4bin"
' '

**** Build Finished ****

**** Build of configuration Release for project http_client_demo ****

"C:\\TI\\ccsv6\\utils\\bin\\gmake" -k all 
gmake: Nothing to be done for `all'.

**** Build Finished ****

**** Build of configuration Release for project http_client_demo ****

"C:\\TI\\ccsv6\\utils\\bin\\gmake" -k all 
gmake: Nothing to be done for `all'.

**** Build Finished ****

**** Build of configuration Release for project http_client_demo ****

"C:\\TI\\ccsv6\\utils\\bin\\gmake" -k all 
'Building file: ../main.c'
'Invoking: ARM Compiler'
"C:/TI/ccsv6/tools/compiler/ti-cgt-arm_5.2.5/bin/armcl" -mv7M4 --code_state=16 --abi=eabi -me --include_path="C:/TI/ccsv6/tools/compiler/ti-cgt-arm_5.2.5/include" --include_path="C:/TI/CC3200SDK_1.1.0/cc3200-sdk/netapps/" --include_path="C:/TI/CC3200SDK_1.1.0/cc3200-sdk/netapps/json/" --include_path="C:/TI/CC3200SDK_1.1.0/cc3200-sdk/driverlib/" --include_path="C:/TI/CC3200SDK_1.1.0/cc3200-sdk/inc/" --include_path="C:/TI/CC3200SDK_1.1.0/cc3200-sdk/example/common" --include_path="C:/TI/CC3200SDK_1.1.0/cc3200-sdk/simplelink/" --include_path="C:/TI/CC3200SDK_1.1.0/cc3200-sdk/simplelink/source" --include_path="C:/TI/CC3200SDK_1.1.0/cc3200-sdk/simplelink/include" -g --define=cc3200 --define=__SL__ --define=ccs --display_error_number --diag_warning=225 --diag_wrap=off --preproc_with_compile --preproc_dependency="main.pp"  "../main.c"
"../main.c", line 978: warning #179-D: function "HTTPGetMethod" was declared but never referenced
'Finished building: ../main.c'
' '
'Building target: http_client_demo.out'
'Invoking: ARM Linker'
"C:/TI/ccsv6/tools/compiler/ti-cgt-arm_5.2.5/bin/armcl" -mv7M4 --code_state=16 --abi=eabi -me -g --define=cc3200 --define=__SL__ --define=ccs --display_error_number --diag_warning=225 --diag_wrap=off -z -m"http_client_demo.map" --heap_size=0x800 --stack_size=0x800 -i"C:/TI/ccsv6/tools/compiler/ti-cgt-arm_5.2.5/lib" -i"C:/TI/ccsv6/tools/compiler/ti-cgt-arm_5.2.5/include" -i"C:/TI/CC3200SDK_1.1.0/cc3200-sdk/netapps/http/client/ccs/HTTPClientMinLib" -i"C:/TI/CC3200SDK_1.1.0/cc3200-sdk/netapps/json/ccs/Release/" --reread_libs --warn_sections --display_error_number --diag_wrap=off --xml_link_info="http_client_demo_linkInfo.xml" --rom_model -o "http_client_demo.out" "./main.obj" "./pinmux.obj" "./startup_ccs.obj" "./uart_if.obj" "../cc3200v1p32.cmd"  -l"libc.a" -l"C:/TI/CC3200SDK_1.1.0/cc3200-sdk/example/http_client_demo/ccs/../../../driverlib/ccs/Release/driverlib.a" -l"C:/TI/CC3200SDK_1.1.0/cc3200-sdk/example/http_client_demo/ccs/../../../simplelink/ccs/NON_OS/simplelink.a" -lwebclient.a -ljson.a 
<Linking>
'Finished building target: http_client_demo.out'
' '
"C:/TI/ccsv6/utils/tiobj2bin/tiobj2bin" "http_client_demo.out" "http_client_demo.bin" "C:/TI/ccsv6/tools/compiler/ti-cgt-arm_5.2.5/bin/armofd" "C:/TI/ccsv6/tools/compiler/ti-cgt-arm_5.2.5/bin/armhex" "C:/TI/ccsv6/utils/tiobj2bin/mkhex4bin"
' '

**** Build Finished ****

**** Build of configuration Release for project http_client_demo ****

"C:\\TI\\ccsv6\\utils\\bin\\gmake" -k all 
'Building file: ../main.c'
'Invoking: ARM Compiler'
"C:/TI/ccsv6/tools/compiler/ti-cgt-arm_5.2.5/bin/armcl" -mv7M4 --code_state=16 --abi=eabi -me --include_path="C:/TI/ccsv6/tools/compiler/ti-cgt-arm_5.2.5/include" --include_path="C:/TI/CC3200SDK_1.1.0/cc3200-sdk/netapps/" --include_path="C:/TI/CC3200SDK_1.1.0/cc3200-sdk/netapps/json/" --include_path="C:/TI/CC3200SDK_1.1.0/cc3200-sdk/driverlib/" --include_path="C:/TI/CC3200SDK_1.1.0/cc3200-sdk/inc/" --include_path="C:/TI/CC3200SDK_1.1.0/cc3200-sdk/example/common" --include_path="C:/TI/CC3200SDK_1.1.0/cc3200-sdk/simplelink/" --include_path="C:/TI/CC3200SDK_1.1.0/cc3200-sdk/simplelink/source" --include_path="C:/TI/CC3200SDK_1.1.0/cc3200-sdk/simplelink/include" -g --define=cc3200 --define=__SL__ --define=ccs --display_error_number --diag_warning=225 --diag_wrap=off --preproc_with_compile --preproc_dependency="main.pp"  "../main.c"
"../main.c", line 1240: error #20: identifier "i" is undefined
"../main.c", line 978: warning #179-D: function "HTTPGetMethod" was declared but never referenced
1 error detected in the compilation of "../main.c".

>> Compilation failure
gmake: *** [main.obj] Error 1
gmake: Target `all' not remade because of errors.

**** Build Finished ****

**** Build of configuration Release for project http_client_demo ****

"C:\\TI\\ccsv6\\utils\\bin\\gmake" -k all 
'Building file: ../main.c'
'Invoking: ARM Compiler'
"C:/TI/ccsv6/tools/compiler/ti-cgt-arm_5.2.5/bin/armcl" -mv7M4 --code_state=16 --abi=eabi -me --include_path="C:/TI/ccsv6/tools/compiler/ti-cgt-arm_5.2.5/include" --include_path="C:/TI/CC3200SDK_1.1.0/cc3200-sdk/netapps/" --include_path="C:/TI/CC3200SDK_1.1.0/cc3200-sdk/netapps/json/" --include_path="C:/TI/CC3200SDK_1.1.0/cc3200-sdk/driverlib/" --include_path="C:/TI/CC3200SDK_1.1.0/cc3200-sdk/inc/" --include_path="C:/TI/CC3200SDK_1.1.0/cc3200-sdk/example/common" --include_path="C:/TI/CC3200SDK_1.1.0/cc3200-sdk/simplelink/" --include_path="C:/TI/CC3200SDK_1.1.0/cc3200-sdk/simplelink/source" --include_path="C:/TI/CC3200SDK_1.1.0/cc3200-sdk/simplelink/include" -g --define=cc3200 --define=__SL__ --define=ccs --display_error_number --diag_warning=225 --diag_wrap=off --preproc_with_compile --preproc_dependency="main.pp"  "../main.c"
"../main.c", line 978: warning #179-D: function "HTTPGetMethod" was declared but never referenced
'Finished building: ../main.c'
' '
'Building target: http_client_demo.out'
'Invoking: ARM Linker'
"C:/TI/ccsv6/tools/compiler/ti-cgt-arm_5.2.5/bin/armcl" -mv7M4 --code_state=16 --abi=eabi -me -g --define=cc3200 --define=__SL__ --define=ccs --display_error_number --diag_warning=225 --diag_wrap=off -z -m"http_client_demo.map" --heap_size=0x800 --stack_size=0x800 -i"C:/TI/ccsv6/tools/compiler/ti-cgt-arm_5.2.5/lib" -i"C:/TI/ccsv6/tools/compiler/ti-cgt-arm_5.2.5/include" -i"C:/TI/CC3200SDK_1.1.0/cc3200-sdk/netapps/http/client/ccs/HTTPClientMinLib" -i"C:/TI/CC3200SDK_1.1.0/cc3200-sdk/netapps/json/ccs/Release/" --reread_libs --warn_sections --display_error_number --diag_wrap=off --xml_link_info="http_client_demo_linkInfo.xml" --rom_model -o "http_client_demo.out" "./main.obj" "./pinmux.obj" "./startup_ccs.obj" "./uart_if.obj" "../cc3200v1p32.cmd"  -l"libc.a" -l"C:/TI/CC3200SDK_1.1.0/cc3200-sdk/example/http_client_demo/ccs/../../../driverlib/ccs/Release/driverlib.a" -l"C:/TI/CC3200SDK_1.1.0/cc3200-sdk/example/http_client_demo/ccs/../../../simplelink/ccs/NON_OS/simplelink.a" -lwebclient.a -ljson.a 
<Linking>
'Finished building target: http_client_demo.out'
' '
"C:/TI/ccsv6/utils/tiobj2bin/tiobj2bin" "http_client_demo.out" "http_client_demo.bin" "C:/TI/ccsv6/tools/compiler/ti-cgt-arm_5.2.5/bin/armofd" "C:/TI/ccsv6/tools/compiler/ti-cgt-arm_5.2.5/bin/armhex" "C:/TI/ccsv6/utils/tiobj2bin/mkhex4bin"
' '

**** Build Finished ****

**** Build of configuration Release for project http_client_demo ****

"C:\\TI\\ccsv6\\utils\\bin\\gmake" -k all 
gmake: Nothing to be done for `all'.

**** Build Finished ****
