
**** Build of configuration Debug for project SensorModule ****

"C:\\TI\\ccsv6\\utils\\bin\\gmake" -k all 
'Building file: ../main.c'
'Invoking: ARM Compiler'
"C:/TI/ccsv6/tools/compiler/ti-cgt-arm_5.2.5/bin/armcl" -mv4 --code_state=32 --abi=ti_arm9_abi --include_path="C:/TI/ccsv6/tools/compiler/ti-cgt-arm_5.2.5/include" -g --diag_wrap=off --diag_warning=225 --display_error_number --preproc_with_compile --preproc_dependency="main.pp"  "../main.c"

"../main.c", line 5: fatal error #1965: cannot open source file "pin.h"
1 catastrophic error detected in the compilation of "../main.c".
Compilation terminated.
>> Compilation failure
gmake: *** [main.obj] Error 1
'Building file: ../pin_mux_config.c'
'Invoking: ARM Compiler'
"C:/TI/ccsv6/tools/compiler/ti-cgt-arm_5.2.5/bin/armcl" -mv4 --code_state=32 --abi=ti_arm9_abi --include_path="C:/TI/ccsv6/tools/compiler/ti-cgt-arm_5.2.5/include" -g --diag_wrap=off --diag_warning=225 --display_error_number --preproc_with_compile --preproc_dependency="pin_mux_config.pp"  "../pin_mux_config.c"
"../pin_mux_config.c", line 44: fatal error #1965: cannot open source file "pinmux.h"
1 catastrophic error detected in the compilation of "../pin_mux_config.c".
Compilation terminated.

>> Compilation failure
gmake: *** [pin_mux_config.obj] Error 1
'Building file: ../rom_pin_mux_config.c'
'Invoking: ARM Compiler'
"C:/TI/ccsv6/tools/compiler/ti-cgt-arm_5.2.5/bin/armcl" -mv4 --code_state=32 --abi=ti_arm9_abi --include_path="C:/TI/ccsv6/tools/compiler/ti-cgt-arm_5.2.5/include" -g --diag_wrap=off --diag_warning=225 --display_error_number --preproc_with_compile --preproc_dependency="rom_pin_mux_config.pp"  "../rom_pin_mux_config.c"
"../rom_pin_mux_config.c", line 45: fatal error #1965: cannot open source file "hw_types.h"
1 catastrophic error detected in the compilation of "../rom_pin_mux_config.c".
Compilation terminated.

>> Compilation failure
gmake: *** [rom_pin_mux_config.obj] Error 1
gmake: Target `all' not remade because of errors.

**** Build Finished ****
