
**** Build of configuration Release for project timer_cc ****

"C:\\TI\\ccsv6\\utils\\bin\\gmake" -k all 
'Building file: ../main.c'
'Invoking: ARM Compiler'
"C:/TI/ccsv6/tools/compiler/ti-cgt-arm_5.2.5/bin/armcl" -mv7M4 --code_state=16 --abi=eabi -me --include_path="C:/TI/ccsv6/tools/compiler/ti-cgt-arm_5.2.5/include" --include_path="C:/TI/CC3200SDK_1.1.0/cc3200-sdk/example/common" --include_path="C:/TI/CC3200SDK_1.1.0/cc3200-sdk/driverlib" --include_path="C:/TI/CC3200SDK_1.1.0/cc3200-sdk/inc" -g --define=cc3200 --define=ccs --display_error_number --diag_warning=225 --diag_wrap=off --preproc_with_compile --preproc_dependency="main.pp"  "../main.c"
'Finished building: ../main.c'
' '
'Building file: ../pinmux.c'
'Invoking: ARM Compiler'
"C:/TI/ccsv6/tools/compiler/ti-cgt-arm_5.2.5/bin/armcl" -mv7M4 --code_state=16 --abi=eabi -me --include_path="C:/TI/ccsv6/tools/compiler/ti-cgt-arm_5.2.5/include" --include_path="C:/TI/CC3200SDK_1.1.0/cc3200-sdk/example/common" --include_path="C:/TI/CC3200SDK_1.1.0/cc3200-sdk/driverlib" --include_path="C:/TI/CC3200SDK_1.1.0/cc3200-sdk/inc" -g --define=cc3200 --define=ccs --display_error_number --diag_warning=225 --diag_wrap=off --preproc_with_compile --preproc_dependency="pinmux.pp"  "../pinmux.c"
'Finished building: ../pinmux.c'
' '
'Building file: C:/TI/CC3200SDK_1.1.0/cc3200-sdk/example/common/startup_ccs.c'
'Invoking: ARM Compiler'
"C:/TI/ccsv6/tools/compiler/ti-cgt-arm_5.2.5/bin/armcl" -mv7M4 --code_state=16 --abi=eabi -me --include_path="C:/TI/ccsv6/tools/compiler/ti-cgt-arm_5.2.5/include" --include_path="C:/TI/CC3200SDK_1.1.0/cc3200-sdk/example/common" --include_path="C:/TI/CC3200SDK_1.1.0/cc3200-sdk/driverlib" --include_path="C:/TI/CC3200SDK_1.1.0/cc3200-sdk/inc" -g --define=cc3200 --define=ccs --display_error_number --diag_warning=225 --diag_wrap=off --preproc_with_compile --preproc_dependency="startup_ccs.pp"  "C:/TI/CC3200SDK_1.1.0/cc3200-sdk/example/common/startup_ccs.c"
'Finished building: C:/TI/CC3200SDK_1.1.0/cc3200-sdk/example/common/startup_ccs.c'
' '
'Building file: C:/TI/CC3200SDK_1.1.0/cc3200-sdk/example/common/uart_if.c'
'Invoking: ARM Compiler'
"C:/TI/ccsv6/tools/compiler/ti-cgt-arm_5.2.5/bin/armcl" -mv7M4 --code_state=16 --abi=eabi -me --include_path="C:/TI/ccsv6/tools/compiler/ti-cgt-arm_5.2.5/include" --include_path="C:/TI/CC3200SDK_1.1.0/cc3200-sdk/example/common" --include_path="C:/TI/CC3200SDK_1.1.0/cc3200-sdk/driverlib" --include_path="C:/TI/CC3200SDK_1.1.0/cc3200-sdk/inc" -g --define=cc3200 --define=ccs --display_error_number --diag_warning=225 --diag_wrap=off --preproc_with_compile --preproc_dependency="uart_if.pp"  "C:/TI/CC3200SDK_1.1.0/cc3200-sdk/example/common/uart_if.c"
'Finished building: C:/TI/CC3200SDK_1.1.0/cc3200-sdk/example/common/uart_if.c'
' '
'Building target: timer_cc.out'
'Invoking: ARM Linker'
"C:/TI/ccsv6/tools/compiler/ti-cgt-arm_5.2.5/bin/armcl" -mv7M4 --code_state=16 --abi=eabi -me -g --define=cc3200 --define=ccs --display_error_number --diag_warning=225 --diag_wrap=off -z -m"timer_cc.map" --heap_size=0x800 --stack_size=0x1000 -i"C:/TI/ccsv6/tools/compiler/ti-cgt-arm_5.2.5/lib" -i"C:/TI/CC3200SDK_1.1.0/cc3200-sdk/driverlib/ccs/Release" -i"C:/TI/ccsv6/tools/compiler/ti-cgt-arm_5.2.5/include" --reread_libs --warn_sections --display_error_number --diag_wrap=off --xml_link_info="timer_cc_linkInfo.xml" --rom_model -o "timer_cc.out" "./main.obj" "./pinmux.obj" "./startup_ccs.obj" "./uart_if.obj" "../cc3200v1p32.cmd"  -l"libc.a" -ldriverlib.a 
<Linking>
'Finished building target: timer_cc.out'
' '
"C:/TI/ccsv6/utils/tiobj2bin/tiobj2bin" "timer_cc.out" "timer_cc.bin" "C:/TI/ccsv6/tools/compiler/ti-cgt-arm_5.2.5/bin/armofd" "C:/TI/ccsv6/tools/compiler/ti-cgt-arm_5.2.5/bin/armhex" "C:/TI/ccsv6/utils/tiobj2bin/mkhex4bin"
' '

**** Build Finished ****
